{
  "stats": {
    "suites": 44,
    "tests": 90,
    "passes": 7,
    "pending": 0,
    "failures": 83,
    "start": "2022-09-27T20:22:29.018Z",
    "end": "2022-09-27T20:40:39.988Z",
    "duration": 1090970,
    "testsRegistered": 90,
    "passPercent": 7.777777777777778,
    "pendingPercent": 0,
    "other": 0,
    "hasOther": false,
    "skipped": 0,
    "hasSkipped": false
  },
  "results": [
    {
      "uuid": "6272273f-1786-48ee-8da2-5cab3de712c2",
      "title": "",
      "fullFile": "",
      "file": "",
      "beforeHooks": [],
      "afterHooks": [],
      "tests": [],
      "suites": [
        {
          "uuid": "d0b000ba-8901-4191-a119-7d774cc4553f",
          "title": "Keys",
          "fullFile": "/Users/sarvagyasagar/Documents/Projects/node/.tests/mocha/tests/tests.js",
          "file": "/tests/tests.js",
          "beforeHooks": [],
          "afterHooks": [],
          "tests": [],
          "suites": [
            {
              "uuid": "68c09858-e300-4328-9567-f1922788595a",
              "title": "Account Creation, Sign and Broadcast for User1",
              "fullFile": "/Users/sarvagyasagar/Documents/Projects/node/.tests/mocha/tests/tests.js",
              "file": "/tests/tests.js",
              "beforeHooks": [
                {
                  "title": "\"before each\" hook in \"Account Creation, Sign and Broadcast for User1\"",
                  "fullTitle": "Keys Account Creation, Sign and Broadcast for User1 \"before each\" hook in \"Account Creation, Sign and Broadcast for User1\"",
                  "timedOut": false,
                  "duration": 3001,
                  "state": null,
                  "speed": null,
                  "pass": false,
                  "fail": false,
                  "pending": false,
                  "context": null,
                  "code": "this.timeout(4000)\nsetTimeout(function () {\n    done()\n}, 3000)",
                  "err": {},
                  "uuid": "1f75f3f6-c51f-4f6d-b5c4-f6892f424b85",
                  "parentUUID": "68c09858-e300-4328-9567-f1922788595a",
                  "isHook": true,
                  "skipped": false
                }
              ],
              "afterHooks": [],
              "tests": [
                {
                  "title": "it should create an account for: 0ced02d64a36559d0264a7b303eb43e8",
                  "fullTitle": "Keys Account Creation, Sign and Broadcast for User1 it should create an account for: 0ced02d64a36559d0264a7b303eb43e8",
                  "timedOut": false,
                  "duration": 363,
                  "state": "passed",
                  "speed": "slow",
                  "pass": true,
                  "fail": false,
                  "pending": false,
                  "context": null,
                  "code": "let name = {\n                name: name1\n            }\n            let err, res = await chai.request(server)\n                .post(config.keysAdd)\n                .send(name)\n            res.should.have.status(200);\n            res.body.should.be.a('object');\n            expect(res.body.result.success).to.be.true\n            expect(res.body.result.keyOutput.address).to.not.equal(null)\n            expect(res.body.result.keyOutput.address).to.not.equal('')\n            names1.address = res.body.result.keyOutput.address",
                  "err": {},
                  "uuid": "e0cf55f0-436c-48fd-bfb1-6847c984ec65",
                  "parentUUID": "68c09858-e300-4328-9567-f1922788595a",
                  "isHook": false,
                  "skipped": false
                },
                {
                  "title": "0ced02d64a36559d0264a7b303eb43e8 should be able to signTx ",
                  "fullTitle": "Keys Account Creation, Sign and Broadcast for User1 0ced02d64a36559d0264a7b303eb43e8 should be able to signTx ",
                  "timedOut": false,
                  "duration": 368,
                  "state": "passed",
                  "speed": "slow",
                  "pass": true,
                  "fail": false,
                  "pending": false,
                  "context": null,
                  "code": "let obj = {\n                \"baseReq\": {\n                    \"from\": config.testAccountAddress,\n                    \"chain_id\": config.chain_id\n                },\n                \"type\": \"cosmos-sdk/StdTx\",\n                \"value\": {\n                    \"msg\": [\n                        {\n                            \"type\": \"cosmos-sdk/MsgSend\",\n                            \"value\": {\n                                \"from_address\": config.testAccountAddress,\n                                \"to_address\": names1.address,\n                                \"amount\": [\n                                    {\n                                        \"denom\": \"stake\",\n                                        \"amount\": \"1000\"\n                                    }\n                                ]\n                            }\n                        }\n                    ],\n                    \"fee\": {\n                        \"amount\": [],\n                        \"gas\": \"200000\"\n                    },\n                    \"signatures\": null,\n                    \"memo\": \"\"\n                }\n            }\n            let err, res = await chai.request(server)\n                .post(config.signTx)\n                .send(obj)\n            res.should.have.status(200);\n            res.body.should.be.a('object');\n            expect(res.body.result.success).to.be.true\n            names1.typekey = res.body.result.tx.signatures[0].pub_key.type\n            names1.value = res.body.result.tx.signatures[0].pub_key.value\n            names1.signature = res.body.result.tx.signatures[0].signature",
                  "err": {},
                  "uuid": "caf6ac70-51ce-45cf-99ec-1fc062e45ada",
                  "parentUUID": "68c09858-e300-4328-9567-f1922788595a",
                  "isHook": false,
                  "skipped": false
                },
                {
                  "title": "0ced02d64a36559d0264a7b303eb43e8 should be able to broadcastTx ",
                  "fullTitle": "Keys Account Creation, Sign and Broadcast for User1 0ced02d64a36559d0264a7b303eb43e8 should be able to broadcastTx ",
                  "timedOut": false,
                  "duration": 322,
                  "state": "passed",
                  "speed": "slow",
                  "pass": true,
                  "fail": false,
                  "pending": false,
                  "context": null,
                  "code": "let obj = {\n                \"tx\": {\n                    \"msg\": [\n                        {\n                            \"type\": \"cosmos-sdk/MsgSend\",\n                            \"value\": {\n                                \"from_address\": config.testAccountAddress,\n                                \"to_address\": names1.address,\n                                \"amount\": [\n                                    {\n                                        \"denom\": \"stake\",\n                                        \"amount\": \"1000\"\n                                    }\n                                ]\n                            }\n                        }\n                    ],\n                    \"fee\": {\n                        \"amount\": [],\n                        \"gas\": \"200000\"\n                    },\n                    \"signatures\": [\n                        {\n                            \"pub_key\": {\n                                \"type\": names1.typekey,\n                                \"value\": names1.value\n                            },\n                            \"signature\": names1.signature\n                        }\n                    ],\n                    \"memo\": \"\"\n                },\n                \"mode\": \"sync\"\n            }\n            let err, res = await chai.request(server)\n                .post(config.broadcastTx)\n                .send(obj)\n            res.should.have.status(200);\n            res.body.should.be.a('object');\n            expect(res.body.txhash).to.not.equal(null)\n            expect(res.body.txhash).to.not.equal('')",
                  "err": {},
                  "uuid": "07cc17eb-e7d4-47b4-b822-d05d1c5ed9fe",
                  "parentUUID": "68c09858-e300-4328-9567-f1922788595a",
                  "isHook": false,
                  "skipped": false
                }
              ],
              "suites": [],
              "passes": [
                "e0cf55f0-436c-48fd-bfb1-6847c984ec65",
                "caf6ac70-51ce-45cf-99ec-1fc062e45ada",
                "07cc17eb-e7d4-47b4-b822-d05d1c5ed9fe"
              ],
              "failures": [],
              "pending": [],
              "skipped": [],
              "duration": 1053,
              "root": false,
              "rootEmpty": false,
              "_timeout": 10000
            },
            {
              "uuid": "a21a6c44-2745-4641-87d3-00d61f64480a",
              "title": "Account Creation, Sign and Broadcast for User2",
              "fullFile": "/Users/sarvagyasagar/Documents/Projects/node/.tests/mocha/tests/tests.js",
              "file": "/tests/tests.js",
              "beforeHooks": [
                {
                  "title": "\"before each\" hook in \"Account Creation, Sign and Broadcast for User2\"",
                  "fullTitle": "Keys Account Creation, Sign and Broadcast for User2 \"before each\" hook in \"Account Creation, Sign and Broadcast for User2\"",
                  "timedOut": false,
                  "duration": 3001,
                  "state": null,
                  "speed": null,
                  "pass": false,
                  "fail": false,
                  "pending": false,
                  "context": null,
                  "code": "this.timeout(4000)\nsetTimeout(function () {\n    done()\n}, 3000)",
                  "err": {},
                  "uuid": "6aeb27b9-dec4-4474-83bb-6d3f917aea6c",
                  "parentUUID": "a21a6c44-2745-4641-87d3-00d61f64480a",
                  "isHook": true,
                  "skipped": false
                }
              ],
              "afterHooks": [],
              "tests": [
                {
                  "title": "it should create an account for: cd09c86e9da6ea254c83952b0717987d",
                  "fullTitle": "Keys Account Creation, Sign and Broadcast for User2 it should create an account for: cd09c86e9da6ea254c83952b0717987d",
                  "timedOut": false,
                  "duration": 332,
                  "state": "passed",
                  "speed": "slow",
                  "pass": true,
                  "fail": false,
                  "pending": false,
                  "context": null,
                  "code": "let name = {\n                name: name2\n            }\n            let err, res = await chai.request('http://localhost:1317')\n                .post(config.keysAdd)\n                .send(name)\n            res.should.have.status(200);\n            res.body.should.be.a('object');\n            expect(res.body.result.success).to.be.true\n            expect(res.body.result.keyOutput.address).to.not.equal(null)\n            expect(res.body.result.keyOutput.address).to.not.equal('')\n            names2.address = res.body.result.keyOutput.address",
                  "err": {},
                  "uuid": "eae67f49-609b-4335-bfad-f197891041bd",
                  "parentUUID": "a21a6c44-2745-4641-87d3-00d61f64480a",
                  "isHook": false,
                  "skipped": false
                },
                {
                  "title": "cd09c86e9da6ea254c83952b0717987d should be able to signTx ",
                  "fullTitle": "Keys Account Creation, Sign and Broadcast for User2 cd09c86e9da6ea254c83952b0717987d should be able to signTx ",
                  "timedOut": false,
                  "duration": 321,
                  "state": "passed",
                  "speed": "slow",
                  "pass": true,
                  "fail": false,
                  "pending": false,
                  "context": null,
                  "code": "let obj = {\n                \"baseReq\": {\n                    \"from\": config.testAccountAddress,\n                    \"chain_id\": config.chain_id\n                },\n                \"type\": \"cosmos-sdk/StdTx\",\n                \"value\": {\n                    \"msg\": [\n                        {\n                            \"type\": \"cosmos-sdk/MsgSend\",\n                            \"value\": {\n                                \"from_address\": config.testAccountAddress,\n                                \"to_address\": names2.address,\n                                \"amount\": [\n                                    {\n                                        \"denom\": \"stake\",\n                                        \"amount\": \"1000\"\n                                    }\n                                ]\n                            }\n                        }\n                    ],\n                    \"fee\": {\n                        \"amount\": [],\n                        \"gas\": \"200000\"\n                    },\n                    \"signatures\": null,\n                    \"memo\": \"\"\n                }\n            }\n            let err, res = await chai.request(server)\n                .post(config.signTx)\n                .send(obj)\n            res.should.have.status(200);\n            res.body.should.be.a('object');\n            expect(res.body.result.success).to.be.true\n            names2.typekey = res.body.result.tx.signatures[0].pub_key.type\n            names2.value = res.body.result.tx.signatures[0].pub_key.value\n            names2.signature = res.body.result.tx.signatures[0].signature",
                  "err": {},
                  "uuid": "fe0b947e-bde4-477f-aab9-c3a1abadb0a4",
                  "parentUUID": "a21a6c44-2745-4641-87d3-00d61f64480a",
                  "isHook": false,
                  "skipped": false
                },
                {
                  "title": "cd09c86e9da6ea254c83952b0717987d should be able to broadcastTx ",
                  "fullTitle": "Keys Account Creation, Sign and Broadcast for User2 cd09c86e9da6ea254c83952b0717987d should be able to broadcastTx ",
                  "timedOut": false,
                  "duration": 319,
                  "state": "passed",
                  "speed": "slow",
                  "pass": true,
                  "fail": false,
                  "pending": false,
                  "context": null,
                  "code": "let obj = {\n                \"tx\": {\n                    \"msg\": [\n                        {\n                            \"type\": \"cosmos-sdk/MsgSend\",\n                            \"value\": {\n                                \"from_address\": config.testAccountAddress,\n                                \"to_address\": names2.address,\n                                \"amount\": [\n                                    {\n                                        \"denom\": \"stake\",\n                                        \"amount\": \"1000\"\n                                    }\n                                ]\n                            }\n                        }\n                    ],\n                    \"fee\": {\n                        \"amount\": [],\n                        \"gas\": \"200000\"\n                    },\n                    \"signatures\": [\n                        {\n                            \"pub_key\": {\n                                \"type\": names2.typekey,\n                                \"value\": names2.value\n                            },\n                            \"signature\": names2.signature\n                        }\n                    ],\n                    \"memo\": \"\"\n                },\n                \"mode\": \"sync\"\n            }\n            let err, res = await chai.request(server)\n                .post(config.broadcastTx)\n                .send(obj)\n            res.should.have.status(200);\n            res.body.should.be.a('object');\n            expect(res.body.txhash).to.not.equal(null)\n            expect(res.body.txhash).to.not.equal('')",
                  "err": {},
                  "uuid": "b5d8fe5f-fec7-44b2-a0d2-d558b201aadf",
                  "parentUUID": "a21a6c44-2745-4641-87d3-00d61f64480a",
                  "isHook": false,
                  "skipped": false
                }
              ],
              "suites": [],
              "passes": [
                "eae67f49-609b-4335-bfad-f197891041bd",
                "fe0b947e-bde4-477f-aab9-c3a1abadb0a4",
                "b5d8fe5f-fec7-44b2-a0d2-d558b201aadf"
              ],
              "failures": [],
              "pending": [],
              "skipped": [],
              "duration": 972,
              "root": false,
              "rootEmpty": false,
              "_timeout": 10000
            }
          ],
          "passes": [],
          "failures": [],
          "pending": [],
          "skipped": [],
          "duration": 0,
          "root": false,
          "rootEmpty": false,
          "_timeout": 10000
        },
        {
          "uuid": "907fd073-50b1-46da-8284-608e596e6ddf",
          "title": "Identity",
          "fullFile": "/Users/sarvagyasagar/Documents/Projects/node/.tests/mocha/tests/tests.js",
          "file": "/tests/tests.js",
          "beforeHooks": [],
          "afterHooks": [],
          "tests": [],
          "suites": [
            {
              "uuid": "30c13dca-e506-4dd1-a53c-1c0ac2cf430e",
              "title": "Nub Tx",
              "fullFile": "/Users/sarvagyasagar/Documents/Projects/node/.tests/mocha/tests/tests.js",
              "file": "/tests/tests.js",
              "beforeHooks": [
                {
                  "title": "\"before each\" hook in \"Nub Tx\"",
                  "fullTitle": "Identity Nub Tx \"before each\" hook in \"Nub Tx\"",
                  "timedOut": false,
                  "duration": 5002,
                  "state": null,
                  "speed": null,
                  "pass": false,
                  "fail": false,
                  "pending": false,
                  "context": null,
                  "code": "this.timeout(6000)\nsetTimeout(function () {\n    done()\n}, 5000)",
                  "err": {},
                  "uuid": "974bf05d-c491-4c10-8faf-f862d4f0a36f",
                  "parentUUID": "30c13dca-e506-4dd1-a53c-1c0ac2cf430e",
                  "isHook": true,
                  "skipped": false
                }
              ],
              "afterHooks": [],
              "tests": [
                {
                  "title": "nubTx: ",
                  "fullTitle": "Identity Nub Tx nubTx: ",
                  "timedOut": false,
                  "duration": 337,
                  "state": "passed",
                  "speed": "slow",
                  "pass": true,
                  "fail": false,
                  "pending": false,
                  "context": null,
                  "code": "let obj = {\n                \"type\": config.nubType,\n                \"value\": {\n                    \"baseReq\": {\n                        \"from\": config.testAccountAddress,\n                        \"chain_id\": config.chain_id\n                    },\n                    \"nubID\": config.nubID\n                }\n            }\n            let err, res = await chai.request(server)\n                .post(config.nubPath)\n                .send(obj)\n            res.should.have.status(200);\n            res.body.should.be.a('object');\n            expect(res.body.txhash).to.not.equal(null)\n            expect(res.body.txhash).to.not.equal('')\n            expect(res.body.raw_log).to.not.contain('failed')\n            expect(res.body.raw_log).to.not.contain('EntityAlreadyExists')",
                  "err": {},
                  "uuid": "e160582e-9418-4002-afa8-1471187c2da9",
                  "parentUUID": "30c13dca-e506-4dd1-a53c-1c0ac2cf430e",
                  "isHook": false,
                  "skipped": false
                }
              ],
              "suites": [],
              "passes": [
                "e160582e-9418-4002-afa8-1471187c2da9"
              ],
              "failures": [],
              "pending": [],
              "skipped": [],
              "duration": 337,
              "root": false,
              "rootEmpty": false,
              "_timeout": 10000
            },
            {
              "uuid": "df0c2d07-8e26-44ba-8058-b094807aa877",
              "title": "Issue identity 1",
              "fullFile": "/Users/sarvagyasagar/Documents/Projects/node/.tests/mocha/tests/tests.js",
              "file": "/tests/tests.js",
              "beforeHooks": [
                {
                  "title": "\"before each\" hook in \"Issue identity 1\"",
                  "fullTitle": "Identity Issue identity 1 \"before each\" hook in \"Issue identity 1\"",
                  "timedOut": false,
                  "duration": 4001,
                  "state": null,
                  "speed": null,
                  "pass": false,
                  "fail": false,
                  "pending": false,
                  "context": null,
                  "code": "this.timeout(5000)\nsetTimeout(function () {\n    done()\n}, 4000)",
                  "err": {},
                  "uuid": "a1826329-2053-4170-8ce4-18794f30e97a",
                  "parentUUID": "df0c2d07-8e26-44ba-8058-b094807aa877",
                  "isHook": true,
                  "skipped": false
                }
              ],
              "afterHooks": [],
              "tests": [
                {
                  "title": "Define identity: ",
                  "fullTitle": "Identity Issue identity 1 Define identity: ",
                  "timedOut": true,
                  "duration": 10006,
                  "state": "failed",
                  "speed": null,
                  "pass": false,
                  "fail": true,
                  "pending": false,
                  "context": null,
                  "code": "let identityID = await identity.queryIdentity(config.nubID)\n            let obj = {\n                \"type\": config.defineIdentityType,\n                \"value\": {\n                    \"baseReq\": {\n                        \"from\": config.testAccountAddress,\n                        \"chain_id\": config.chain_id\n                    },\n                    \"fromID\": identityID,\n                    \"mutableTraits\": \"mutableTraits1:S|num1\",\n                    \"immutableTraits\": \"immutableTraits1:S|\",\n                    \"mutableMetaTraits\": \"mutableMetaTraits1:S|num3\",\n                    \"immutableMetaTraits\": \"immutableMetaTraits1:S|num4\"\n                }\n            }\n            let err, res = await chai.request(server)\n                .post(config.defineIdentityPath)\n                .send(obj)\n            res.should.have.status(200);\n            res.body.should.be.a('object');\n            expect(res.body.txhash).to.not.equal(null)\n            expect(res.body.txhash).to.not.equal('')\n            expect(res.body.raw_log).to.not.contain('failed')\n            expect(res.body.raw_log).to.not.contain('error')",
                  "err": {
                    "message": "Error: Timeout of 10000ms exceeded. For async tests and hooks, ensure \"done()\" is called; if returning a Promise, ensure it resolves. (/Users/sarvagyasagar/Documents/Projects/node/.tests/mocha/tests/tests.js)",
                    "estack": "Error: Timeout of 10000ms exceeded. For async tests and hooks, ensure \"done()\" is called; if returning a Promise, ensure it resolves. (/Users/sarvagyasagar/Documents/Projects/node/.tests/mocha/tests/tests.js)\n    at listOnTimeout (node:internal/timers:564:17)\n    at process.processTimers (node:internal/timers:507:7)",
                    "diff": null
                  },
                  "uuid": "a07c07bd-80dd-4068-a8f5-3f0cdc110d84",
                  "parentUUID": "df0c2d07-8e26-44ba-8058-b094807aa877",
                  "isHook": false,
                  "skipped": false
                },
                {
                  "title": "Issue identity: ",
                  "fullTitle": "Identity Issue identity 1 Issue identity: ",
                  "timedOut": true,
                  "duration": 10002,
                  "state": "failed",
                  "speed": null,
                  "pass": false,
                  "fail": true,
                  "pending": false,
                  "context": null,
                  "code": "let identityID = await identity.queryIdentity(config.nubID)\n            let clsID = await cls.queryClassification(\"immutableMetaTraits1\")\n            let obj = {\n                \"type\": config.issueIdentityType,\n                \"value\": {\n                    \"baseReq\": {\n                        \"from\": config.testAccountAddress,\n                        \"chain_id\": config.chain_id\n                    },\n                    \"to\": config.testAccountAddress,\n                    \"fromID\": identityID,\n                    \"classificationID\": clsID,\n                    \"mutableProperties\": \"mutableTraits1:S|num1\",\n                    \"immutableProperties\": \"immutableTraits1:S|\",\n                    \"mutableMetaProperties\": \"mutableMetaTraits1:S|num3\",\n                    \"immutableMetaProperties\": \"immutableMetaTraits1:S|num4\"\n                }\n            }\n            let err, res = await chai.request(server)\n                .post(config.issueIdentityPath)\n                .send(obj)\n            res.should.have.status(200);\n            res.body.should.be.a('object');\n            expect(res.body.txhash).to.not.equal(null)\n            expect(res.body.txhash).to.not.equal('')\n            expect(res.body.raw_log).to.not.contain('failed')\n            expect(res.body.raw_log).to.not.contain('error')",
                  "err": {
                    "message": "Error: Timeout of 10000ms exceeded. For async tests and hooks, ensure \"done()\" is called; if returning a Promise, ensure it resolves. (/Users/sarvagyasagar/Documents/Projects/node/.tests/mocha/tests/tests.js)",
                    "estack": "Error: Timeout of 10000ms exceeded. For async tests and hooks, ensure \"done()\" is called; if returning a Promise, ensure it resolves. (/Users/sarvagyasagar/Documents/Projects/node/.tests/mocha/tests/tests.js)\n    at listOnTimeout (node:internal/timers:564:17)\n    at process.processTimers (node:internal/timers:507:7)",
                    "diff": null
                  },
                  "uuid": "ebaf9a16-8758-4be9-b5d1-65a13eec87d9",
                  "parentUUID": "df0c2d07-8e26-44ba-8058-b094807aa877",
                  "isHook": false,
                  "skipped": false
                }
              ],
              "suites": [],
              "passes": [],
              "failures": [
                "a07c07bd-80dd-4068-a8f5-3f0cdc110d84",
                "ebaf9a16-8758-4be9-b5d1-65a13eec87d9"
              ],
              "pending": [],
              "skipped": [],
              "duration": 20008,
              "root": false,
              "rootEmpty": false,
              "_timeout": 10000
            },
            {
              "uuid": "4371d2bf-5cb4-4a09-b71c-02241466c9cf",
              "title": "Provision key",
              "fullFile": "/Users/sarvagyasagar/Documents/Projects/node/.tests/mocha/tests/tests.js",
              "file": "/tests/tests.js",
              "beforeHooks": [
                {
                  "title": "\"before each\" hook in \"Provision key\"",
                  "fullTitle": "Identity Provision key \"before each\" hook in \"Provision key\"",
                  "timedOut": false,
                  "duration": 4001,
                  "state": null,
                  "speed": null,
                  "pass": false,
                  "fail": false,
                  "pending": false,
                  "context": null,
                  "code": "this.timeout(5000)\nsetTimeout(function () {\n    done()\n}, 4000)",
                  "err": {},
                  "uuid": "8fe1d9f8-19aa-47dd-94ec-32556311cbbb",
                  "parentUUID": "4371d2bf-5cb4-4a09-b71c-02241466c9cf",
                  "isHook": true,
                  "skipped": false
                }
              ],
              "afterHooks": [],
              "tests": [
                {
                  "title": "Provision Key: ",
                  "fullTitle": "Identity Provision key Provision Key: ",
                  "timedOut": true,
                  "duration": 10003,
                  "state": "failed",
                  "speed": null,
                  "pass": false,
                  "fail": true,
                  "pending": false,
                  "context": null,
                  "code": "let identityID = await identity.queryIdentity(config.nubID)\n            let obj = {\n                \"type\": config.provisionKeyType,\n                \"value\": {\n                    \"baseReq\": {\n                        \"from\": config.testAccountAddress,\n                        \"chain_id\": config.chain_id\n                    },\n                    \"to\": randomWallet.address,\n                    \"identityID\": identityID\n                }\n            }\n            let err, res = await chai.request(server)\n                .post(config.provisionKeyPath)\n                .send(obj)\n            res.should.have.status(200);\n            res.body.should.be.a('object');\n            expect(res.body.txhash).to.not.equal(null)\n            expect(res.body.txhash).to.not.equal('')\n            expect(res.body.raw_log).to.not.contain('failed')\n            expect(res.body.raw_log).to.not.contain('error')",
                  "err": {
                    "message": "Error: Timeout of 10000ms exceeded. For async tests and hooks, ensure \"done()\" is called; if returning a Promise, ensure it resolves. (/Users/sarvagyasagar/Documents/Projects/node/.tests/mocha/tests/tests.js)",
                    "estack": "Error: Timeout of 10000ms exceeded. For async tests and hooks, ensure \"done()\" is called; if returning a Promise, ensure it resolves. (/Users/sarvagyasagar/Documents/Projects/node/.tests/mocha/tests/tests.js)\n    at listOnTimeout (node:internal/timers:564:17)\n    at process.processTimers (node:internal/timers:507:7)",
                    "diff": null
                  },
                  "uuid": "6b6089b8-5777-4e0c-8945-33bcb0a6a2ce",
                  "parentUUID": "4371d2bf-5cb4-4a09-b71c-02241466c9cf",
                  "isHook": false,
                  "skipped": false
                }
              ],
              "suites": [],
              "passes": [],
              "failures": [
                "6b6089b8-5777-4e0c-8945-33bcb0a6a2ce"
              ],
              "pending": [],
              "skipped": [],
              "duration": 10003,
              "root": false,
              "rootEmpty": false,
              "_timeout": 10000
            },
            {
              "uuid": "9f7fc561-8d8f-4d0b-8e0f-d6b02cb416c7",
              "title": "Unprovision key",
              "fullFile": "/Users/sarvagyasagar/Documents/Projects/node/.tests/mocha/tests/tests.js",
              "file": "/tests/tests.js",
              "beforeHooks": [
                {
                  "title": "\"before each\" hook in \"Unprovision key\"",
                  "fullTitle": "Identity Unprovision key \"before each\" hook in \"Unprovision key\"",
                  "timedOut": false,
                  "duration": 4002,
                  "state": null,
                  "speed": null,
                  "pass": false,
                  "fail": false,
                  "pending": false,
                  "context": null,
                  "code": "this.timeout(5000)\nsetTimeout(function () {\n    done()\n}, 4000)",
                  "err": {},
                  "uuid": "7c6db160-09fc-4f76-8cb9-f38e45659fdf",
                  "parentUUID": "9f7fc561-8d8f-4d0b-8e0f-d6b02cb416c7",
                  "isHook": true,
                  "skipped": false
                }
              ],
              "afterHooks": [],
              "tests": [
                {
                  "title": "Unprovision key: ",
                  "fullTitle": "Identity Unprovision key Unprovision key: ",
                  "timedOut": true,
                  "duration": 10003,
                  "state": "failed",
                  "speed": null,
                  "pass": false,
                  "fail": true,
                  "pending": false,
                  "context": null,
                  "code": "let identityID = await identity.queryIdentity(config.nubID)\n            let obj = {\n                \"type\": config.unprovisionKeyType,\n                \"value\": {\n                    \"baseReq\": {\n                        \"from\": config.testAccountAddress,\n                        \"chain_id\": config.chain_id\n                    },\n                    \"to\": randomWallet.address,\n                    \"identityID\": identityID\n                }\n            }\n            let err, res = await chai.request(server)\n                .post(config.unprovisionKeyPath)\n                .send(obj)\n            res.should.have.status(200);\n            res.body.should.be.a('object');\n            expect(res.body.txhash).to.not.equal(null)\n            expect(res.body.txhash).to.not.equal('')\n            expect(res.body.raw_log).to.not.contain('failed')\n            expect(res.body.raw_log).to.not.contain('error')",
                  "err": {
                    "message": "Error: Timeout of 10000ms exceeded. For async tests and hooks, ensure \"done()\" is called; if returning a Promise, ensure it resolves. (/Users/sarvagyasagar/Documents/Projects/node/.tests/mocha/tests/tests.js)",
                    "estack": "Error: Timeout of 10000ms exceeded. For async tests and hooks, ensure \"done()\" is called; if returning a Promise, ensure it resolves. (/Users/sarvagyasagar/Documents/Projects/node/.tests/mocha/tests/tests.js)\n    at listOnTimeout (node:internal/timers:564:17)\n    at process.processTimers (node:internal/timers:507:7)",
                    "diff": null
                  },
                  "uuid": "9f7ab0f7-d0ea-43db-a781-0b41716c16ae",
                  "parentUUID": "9f7fc561-8d8f-4d0b-8e0f-d6b02cb416c7",
                  "isHook": false,
                  "skipped": false
                }
              ],
              "suites": [],
              "passes": [],
              "failures": [
                "9f7ab0f7-d0ea-43db-a781-0b41716c16ae"
              ],
              "pending": [],
              "skipped": [],
              "duration": 10003,
              "root": false,
              "rootEmpty": false,
              "_timeout": 10000
            },
            {
              "uuid": "75df9067-07b7-495f-a1db-317460b54ab5",
              "title": "Provision an unprovision Key",
              "fullFile": "/Users/sarvagyasagar/Documents/Projects/node/.tests/mocha/tests/tests.js",
              "file": "/tests/tests.js",
              "beforeHooks": [
                {
                  "title": "\"before each\" hook in \"Provision an unprovision Key\"",
                  "fullTitle": "Identity Provision an unprovision Key \"before each\" hook in \"Provision an unprovision Key\"",
                  "timedOut": false,
                  "duration": 4001,
                  "state": null,
                  "speed": null,
                  "pass": false,
                  "fail": false,
                  "pending": false,
                  "context": null,
                  "code": "this.timeout(5000)\nsetTimeout(function () {\n    done()\n}, 4000)",
                  "err": {},
                  "uuid": "d1b557c1-4711-4c9a-86fc-1f130a47552e",
                  "parentUUID": "75df9067-07b7-495f-a1db-317460b54ab5",
                  "isHook": true,
                  "skipped": false
                }
              ],
              "afterHooks": [],
              "tests": [
                {
                  "title": "Provision an unprovision Key: ",
                  "fullTitle": "Identity Provision an unprovision Key Provision an unprovision Key: ",
                  "timedOut": true,
                  "duration": 10002,
                  "state": "failed",
                  "speed": null,
                  "pass": false,
                  "fail": true,
                  "pending": false,
                  "context": null,
                  "code": "let identityID = await identity.queryIdentity(config.nubID)\n            let obj = {\n                \"type\": config.provisionKeyType,\n                \"value\": {\n                    \"baseReq\": {\n                        \"from\": config.testAccountAddress,\n                        \"chain_id\": config.chain_id\n                    },\n                    \"to\": randomWallet.address,\n                    \"identityID\": identityID\n                }\n            }\n            let err, res = await chai.request(server)\n                .post(config.provisionKeyPath)\n                .send(obj)\n            res.should.have.status(200);\n            res.body.should.be.a('object');\n            expect(res.body.txhash).to.not.equal(null)\n            expect(res.body.txhash).to.not.equal('')\n            expect(res.body.raw_log).to.contain('DeletionNotAllowed')",
                  "err": {
                    "message": "Error: Timeout of 10000ms exceeded. For async tests and hooks, ensure \"done()\" is called; if returning a Promise, ensure it resolves. (/Users/sarvagyasagar/Documents/Projects/node/.tests/mocha/tests/tests.js)",
                    "estack": "Error: Timeout of 10000ms exceeded. For async tests and hooks, ensure \"done()\" is called; if returning a Promise, ensure it resolves. (/Users/sarvagyasagar/Documents/Projects/node/.tests/mocha/tests/tests.js)\n    at listOnTimeout (node:internal/timers:564:17)\n    at process.processTimers (node:internal/timers:507:7)",
                    "diff": null
                  },
                  "uuid": "2c5adfde-806c-4667-8f38-ed059a0340be",
                  "parentUUID": "75df9067-07b7-495f-a1db-317460b54ab5",
                  "isHook": false,
                  "skipped": false
                }
              ],
              "suites": [],
              "passes": [],
              "failures": [
                "2c5adfde-806c-4667-8f38-ed059a0340be"
              ],
              "pending": [],
              "skipped": [],
              "duration": 10002,
              "root": false,
              "rootEmpty": false,
              "_timeout": 10000
            },
            {
              "uuid": "1c929d73-77d9-4fd1-b547-63c67ad9f551",
              "title": "Issue identity 2",
              "fullFile": "/Users/sarvagyasagar/Documents/Projects/node/.tests/mocha/tests/tests.js",
              "file": "/tests/tests.js",
              "beforeHooks": [
                {
                  "title": "\"before each\" hook in \"Issue identity 2\"",
                  "fullTitle": "Identity Issue identity 2 \"before each\" hook in \"Issue identity 2\"",
                  "timedOut": false,
                  "duration": 4001,
                  "state": null,
                  "speed": null,
                  "pass": false,
                  "fail": false,
                  "pending": false,
                  "context": null,
                  "code": "this.timeout(5000)\nsetTimeout(function () {\n    done()\n}, 4000)",
                  "err": {},
                  "uuid": "62eb0ae4-95c6-4eb5-b5f8-2ac0057a9951",
                  "parentUUID": "1c929d73-77d9-4fd1-b547-63c67ad9f551",
                  "isHook": true,
                  "skipped": false
                }
              ],
              "afterHooks": [],
              "tests": [
                {
                  "title": "Define identity: ",
                  "fullTitle": "Identity Issue identity 2 Define identity: ",
                  "timedOut": true,
                  "duration": 10002,
                  "state": "failed",
                  "speed": null,
                  "pass": false,
                  "fail": true,
                  "pending": false,
                  "context": null,
                  "code": "let identityID = await identity.queryIdentity(config.nubID)\n            let obj = {\n                \"type\": config.defineIdentityType,\n                \"value\": {\n                    \"baseReq\": {\n                        \"from\": config.testAccountAddress,\n                        \"chain_id\": config.chain_id\n                    },\n                    \"fromID\": identityID,\n                    \"mutableTraits\": \"mutableTraits2:S|num1\",\n                    \"immutableTraits\": \"immutableTraits2:S|\",\n                    \"mutableMetaTraits\": \"mutableMetaTraits2:S|num3\",\n                    \"immutableMetaTraits\": \"immutableMetaTraits2:S|num4\"\n                }\n            }\n            let err, res = await chai.request(server)\n                .post(config.defineIdentityPath)\n                .send(obj)\n            res.should.have.status(200);\n            res.body.should.be.a('object');\n            expect(res.body.txhash).to.not.equal(null)\n            expect(res.body.txhash).to.not.equal('')\n            expect(res.body.raw_log).to.not.contain('failed')\n            expect(res.body.raw_log).to.not.contain('error')",
                  "err": {
                    "message": "Error: Timeout of 10000ms exceeded. For async tests and hooks, ensure \"done()\" is called; if returning a Promise, ensure it resolves. (/Users/sarvagyasagar/Documents/Projects/node/.tests/mocha/tests/tests.js)",
                    "estack": "Error: Timeout of 10000ms exceeded. For async tests and hooks, ensure \"done()\" is called; if returning a Promise, ensure it resolves. (/Users/sarvagyasagar/Documents/Projects/node/.tests/mocha/tests/tests.js)\n    at listOnTimeout (node:internal/timers:564:17)\n    at process.processTimers (node:internal/timers:507:7)",
                    "diff": null
                  },
                  "uuid": "733e5b06-4033-4c20-94bc-d2bdf1fb044c",
                  "parentUUID": "1c929d73-77d9-4fd1-b547-63c67ad9f551",
                  "isHook": false,
                  "skipped": false
                },
                {
                  "title": "Issue identity 2: ",
                  "fullTitle": "Identity Issue identity 2 Issue identity 2: ",
                  "timedOut": true,
                  "duration": 10003,
                  "state": "failed",
                  "speed": null,
                  "pass": false,
                  "fail": true,
                  "pending": false,
                  "context": null,
                  "code": "let identityID = await identity.queryIdentity(config.nubID)\n            let clsID = await cls.queryClassification(\"immutableMetaTraits2\")\n            let obj = {\n                \"type\": config.issueIdentityType,\n                \"value\": {\n                    \"baseReq\": {\n                        \"from\": config.testAccountAddress,\n                        \"chain_id\": config.chain_id\n                    },\n                    \"to\": config.testAccountAddress,\n                    \"fromID\": identityID,\n                    \"classificationID\": clsID,\n                    \"mutableProperties\": \"mutableTraits2:S|num1\",\n                    \"immutableProperties\": \"immutableTraits2:S|\",\n                    \"mutableMetaProperties\": \"mutableMetaTraits2:S|num3\",\n                    \"immutableMetaProperties\": \"immutableMetaTraits2:S|num4\"\n                }\n            }\n            let err, res = await chai.request(server)\n                .post(config.issueIdentityPath)\n                .send(obj)\n            res.should.have.status(200);\n            res.body.should.be.a('object');\n            expect(res.body.txhash).to.not.equal(null)\n            expect(res.body.txhash).to.not.equal('')\n            expect(res.body.raw_log).to.not.contain('failed')\n            expect(res.body.raw_log).to.not.contain('error')",
                  "err": {
                    "message": "Error: Timeout of 10000ms exceeded. For async tests and hooks, ensure \"done()\" is called; if returning a Promise, ensure it resolves. (/Users/sarvagyasagar/Documents/Projects/node/.tests/mocha/tests/tests.js)",
                    "estack": "Error: Timeout of 10000ms exceeded. For async tests and hooks, ensure \"done()\" is called; if returning a Promise, ensure it resolves. (/Users/sarvagyasagar/Documents/Projects/node/.tests/mocha/tests/tests.js)\n    at listOnTimeout (node:internal/timers:564:17)\n    at process.processTimers (node:internal/timers:507:7)",
                    "diff": null
                  },
                  "uuid": "18680642-cf0b-4274-956d-0ffb5294e054",
                  "parentUUID": "1c929d73-77d9-4fd1-b547-63c67ad9f551",
                  "isHook": false,
                  "skipped": false
                }
              ],
              "suites": [],
              "passes": [],
              "failures": [
                "733e5b06-4033-4c20-94bc-d2bdf1fb044c",
                "18680642-cf0b-4274-956d-0ffb5294e054"
              ],
              "pending": [],
              "skipped": [],
              "duration": 20005,
              "root": false,
              "rootEmpty": false,
              "_timeout": 10000
            },
            {
              "uuid": "33641d0d-e476-46c9-986d-96f12cfd33c3",
              "title": "Issue identity 3",
              "fullFile": "/Users/sarvagyasagar/Documents/Projects/node/.tests/mocha/tests/tests.js",
              "file": "/tests/tests.js",
              "beforeHooks": [
                {
                  "title": "\"before each\" hook in \"Issue identity 3\"",
                  "fullTitle": "Identity Issue identity 3 \"before each\" hook in \"Issue identity 3\"",
                  "timedOut": false,
                  "duration": 4001,
                  "state": null,
                  "speed": null,
                  "pass": false,
                  "fail": false,
                  "pending": false,
                  "context": null,
                  "code": "this.timeout(5000)\nsetTimeout(function () {\n    done()\n}, 4000)",
                  "err": {},
                  "uuid": "c578630e-c9b2-475e-a2ae-1490a503a0aa",
                  "parentUUID": "33641d0d-e476-46c9-986d-96f12cfd33c3",
                  "isHook": true,
                  "skipped": false
                }
              ],
              "afterHooks": [],
              "tests": [
                {
                  "title": "Define identity: ",
                  "fullTitle": "Identity Issue identity 3 Define identity: ",
                  "timedOut": true,
                  "duration": 10002,
                  "state": "failed",
                  "speed": null,
                  "pass": false,
                  "fail": true,
                  "pending": false,
                  "context": null,
                  "code": "let identityID = await identity.queryIdentity(config.nubID)\n            let obj = {\n                \"type\": config.defineIdentityType,\n                \"value\": {\n                    \"baseReq\": {\n                        \"from\": config.testAccountAddress,\n                        \"chain_id\": config.chain_id\n                    },\n                    \"fromID\": identityID,\n                    \"mutableTraits\": \"mutableTraits3:S|num1\",\n                    \"immutableTraits\": \"immutableTraits3:S|\",\n                    \"mutableMetaTraits\": \"mutableMetaTraits3:S|num3\",\n                    \"immutableMetaTraits\": \"immutableMetaTraits3:S|num4\"\n                }\n            }\n            let err, res = await chai.request(server)\n                .post(config.defineIdentityPath)\n                .send(obj)\n            res.should.have.status(200);\n            res.body.should.be.a('object');\n            expect(res.body.txhash).to.not.equal(null)\n            expect(res.body.txhash).to.not.equal('')\n            expect(res.body.raw_log).to.not.contain('failed')\n            expect(res.body.raw_log).to.not.contain('error')",
                  "err": {
                    "message": "Error: Timeout of 10000ms exceeded. For async tests and hooks, ensure \"done()\" is called; if returning a Promise, ensure it resolves. (/Users/sarvagyasagar/Documents/Projects/node/.tests/mocha/tests/tests.js)",
                    "estack": "Error: Timeout of 10000ms exceeded. For async tests and hooks, ensure \"done()\" is called; if returning a Promise, ensure it resolves. (/Users/sarvagyasagar/Documents/Projects/node/.tests/mocha/tests/tests.js)\n    at listOnTimeout (node:internal/timers:564:17)\n    at process.processTimers (node:internal/timers:507:7)",
                    "diff": null
                  },
                  "uuid": "f1799c84-1faa-4f26-b47a-0d0824c31704",
                  "parentUUID": "33641d0d-e476-46c9-986d-96f12cfd33c3",
                  "isHook": false,
                  "skipped": false
                },
                {
                  "title": "Issue identity 3: ",
                  "fullTitle": "Identity Issue identity 3 Issue identity 3: ",
                  "timedOut": true,
                  "duration": 10004,
                  "state": "failed",
                  "speed": null,
                  "pass": false,
                  "fail": true,
                  "pending": false,
                  "context": null,
                  "code": "let identityID = await identity.queryIdentity(config.nubID)\n            let clsID = await cls.queryClassification(\"immutableMetaTraits3\")\n            let obj = {\n                \"type\": config.issueIdentityType,\n                \"value\": {\n                    \"baseReq\": {\n                        \"from\": config.testAccountAddress,\n                        \"chain_id\": config.chain_id\n                    },\n                    \"to\": config.testAccountAddress,\n                    \"fromID\": identityID,\n                    \"classificationID\": clsID,\n                    \"mutableProperties\": \"mutableTraits3:S|num1\",\n                    \"immutableProperties\": \"immutableTraits3:S|\",\n                    \"mutableMetaProperties\": \"mutableMetaTraits3:S|num3\",\n                    \"immutableMetaProperties\": \"immutableMetaTraits3:S|num4\"\n                }\n            }\n            let err, res = await chai.request(server)\n                .post(config.issueIdentityPath)\n                .send(obj)\n            res.should.have.status(200);\n            res.body.should.be.a('object');\n            expect(res.body.txhash).to.not.equal(null)\n            expect(res.body.txhash).to.not.equal('')\n            expect(res.body.raw_log).to.not.contain('failed')\n            expect(res.body.raw_log).to.not.contain('error')",
                  "err": {
                    "message": "Error: Timeout of 10000ms exceeded. For async tests and hooks, ensure \"done()\" is called; if returning a Promise, ensure it resolves. (/Users/sarvagyasagar/Documents/Projects/node/.tests/mocha/tests/tests.js)",
                    "estack": "Error: Timeout of 10000ms exceeded. For async tests and hooks, ensure \"done()\" is called; if returning a Promise, ensure it resolves. (/Users/sarvagyasagar/Documents/Projects/node/.tests/mocha/tests/tests.js)\n    at listOnTimeout (node:internal/timers:564:17)\n    at process.processTimers (node:internal/timers:507:7)",
                    "diff": null
                  },
                  "uuid": "c1bce623-ffcb-4d68-9d7b-57a156ffa9d8",
                  "parentUUID": "33641d0d-e476-46c9-986d-96f12cfd33c3",
                  "isHook": false,
                  "skipped": false
                }
              ],
              "suites": [],
              "passes": [],
              "failures": [
                "f1799c84-1faa-4f26-b47a-0d0824c31704",
                "c1bce623-ffcb-4d68-9d7b-57a156ffa9d8"
              ],
              "pending": [],
              "skipped": [],
              "duration": 20006,
              "root": false,
              "rootEmpty": false,
              "_timeout": 10000
            }
          ],
          "passes": [],
          "failures": [],
          "pending": [],
          "skipped": [],
          "duration": 0,
          "root": false,
          "rootEmpty": false,
          "_timeout": 10000
        },
        {
          "uuid": "02096277-920b-408f-b086-d9d32d6ecc2a",
          "title": "Assets",
          "fullFile": "/Users/sarvagyasagar/Documents/Projects/node/.tests/mocha/tests/tests.js",
          "file": "/tests/tests.js",
          "beforeHooks": [],
          "afterHooks": [],
          "tests": [],
          "suites": [
            {
              "uuid": "7da92cf8-8c13-4f08-b8e0-41812b4c4de0",
              "title": "Mint Asset",
              "fullFile": "/Users/sarvagyasagar/Documents/Projects/node/.tests/mocha/tests/tests.js",
              "file": "/tests/tests.js",
              "beforeHooks": [
                {
                  "title": "\"before each\" hook in \"Mint Asset\"",
                  "fullTitle": "Assets Mint Asset \"before each\" hook in \"Mint Asset\"",
                  "timedOut": false,
                  "duration": 4000,
                  "state": null,
                  "speed": null,
                  "pass": false,
                  "fail": false,
                  "pending": false,
                  "context": null,
                  "code": "this.timeout(5000)\nsetTimeout(function () {\n    done()\n}, 4000)",
                  "err": {},
                  "uuid": "0e4bde53-e103-499a-b1c9-62794f846d20",
                  "parentUUID": "7da92cf8-8c13-4f08-b8e0-41812b4c4de0",
                  "isHook": true,
                  "skipped": false
                }
              ],
              "afterHooks": [],
              "tests": [
                {
                  "title": "Define Asset: ",
                  "fullTitle": "Assets Mint Asset Define Asset: ",
                  "timedOut": true,
                  "duration": 10003,
                  "state": "failed",
                  "speed": null,
                  "pass": false,
                  "fail": true,
                  "pending": false,
                  "context": null,
                  "code": "let identityID = await identity.queryIdentity(\"immutableMetaTraits1\")\n            let obj = {\n                \"type\": config.defineAssetType,\n                \"value\": {\n                    \"baseReq\": {\n                        \"from\": config.testAccountAddress,\n                        \"chain_id\": config.chain_id\n                    },\n                    \"fromID\": identityID,\n                    \"mutableTraits\": \"ASSET1:S|\" + \",burn:H|1\",\n                    \"immutableTraits\": \"ASSET2:S|\",\n                    \"mutableMetaTraits\": \"ASSET3:S|\",\n                    \"immutableMetaTraits\": \"ASSET4:S|\"\n                }\n            }\n            let err, res = await chai.request(server)\n                .post(config.defineAssetPath)\n                .send(obj);\n            res.should.have.status(200);\n            res.body.should.be.a('object');\n            expect(res.body.txhash).to.not.equal(null)\n            expect(res.body.txhash).to.not.equal('')\n            expect(res.body.raw_log).to.not.contain('failed')\n            expect(res.body.raw_log).to.not.contain('error')",
                  "err": {
                    "message": "Error: Timeout of 10000ms exceeded. For async tests and hooks, ensure \"done()\" is called; if returning a Promise, ensure it resolves. (/Users/sarvagyasagar/Documents/Projects/node/.tests/mocha/tests/tests.js)",
                    "estack": "Error: Timeout of 10000ms exceeded. For async tests and hooks, ensure \"done()\" is called; if returning a Promise, ensure it resolves. (/Users/sarvagyasagar/Documents/Projects/node/.tests/mocha/tests/tests.js)\n    at listOnTimeout (node:internal/timers:564:17)\n    at process.processTimers (node:internal/timers:507:7)",
                    "diff": null
                  },
                  "uuid": "0640ebe8-e37e-43bc-928d-caec536e71ef",
                  "parentUUID": "7da92cf8-8c13-4f08-b8e0-41812b4c4de0",
                  "isHook": false,
                  "skipped": false
                },
                {
                  "title": "Mint Asset: ",
                  "fullTitle": "Assets Mint Asset Mint Asset: ",
                  "timedOut": true,
                  "duration": 10005,
                  "state": "failed",
                  "speed": null,
                  "pass": false,
                  "fail": true,
                  "pending": false,
                  "context": null,
                  "code": "let identityID = await identity.queryIdentity(\"immutableMetaTraits1\")\n            let clsID = await cls.queryClassification(\"ASSET4\")\n            let obj = {\n                \"type\": config.mintAssetType,\n                \"value\": {\n                    \"baseReq\": {\n                        \"from\": config.testAccountAddress,\n                        \"chain_id\": config.chain_id\n                    },\n                    \"toID\": identityID,\n                    \"fromID\": identityID,\n                    \"classificationID\": clsID,\n                    \"mutableProperties\": \"ASSET1:S|num1\" + \",burn:H|1\",\n                    \"immutableProperties\": \"ASSET2:S|num2\",\n                    \"mutableMetaProperties\": \"ASSET3:S|num3\",\n                    \"immutableMetaProperties\": \"ASSET4:S|num4\"\n                }\n            }\n            let err, res = await chai.request(server)\n                .post(config.mintAssetPath)\n                .send(obj)\n            res.should.have.status(200);\n            res.body.should.be.a('object');\n            expect(res.body.txhash).to.not.equal(null)\n            expect(res.body.txhash).to.not.equal('')\n            expect(res.body.raw_log).to.not.contain('failed')\n            expect(res.body.raw_log).to.not.contain('error')",
                  "err": {
                    "message": "Error: Timeout of 10000ms exceeded. For async tests and hooks, ensure \"done()\" is called; if returning a Promise, ensure it resolves. (/Users/sarvagyasagar/Documents/Projects/node/.tests/mocha/tests/tests.js)",
                    "estack": "Error: Timeout of 10000ms exceeded. For async tests and hooks, ensure \"done()\" is called; if returning a Promise, ensure it resolves. (/Users/sarvagyasagar/Documents/Projects/node/.tests/mocha/tests/tests.js)\n    at listOnTimeout (node:internal/timers:564:17)\n    at process.processTimers (node:internal/timers:507:7)",
                    "diff": null
                  },
                  "uuid": "ae20c00d-a43d-4a62-a9c8-8bf5705d9bfd",
                  "parentUUID": "7da92cf8-8c13-4f08-b8e0-41812b4c4de0",
                  "isHook": false,
                  "skipped": false
                }
              ],
              "suites": [],
              "passes": [],
              "failures": [
                "0640ebe8-e37e-43bc-928d-caec536e71ef",
                "ae20c00d-a43d-4a62-a9c8-8bf5705d9bfd"
              ],
              "pending": [],
              "skipped": [],
              "duration": 20008,
              "root": false,
              "rootEmpty": false,
              "_timeout": 10000
            },
            {
              "uuid": "51d50446-85df-4a93-8005-8a3754df013d",
              "title": "Mutate Asset",
              "fullFile": "/Users/sarvagyasagar/Documents/Projects/node/.tests/mocha/tests/tests.js",
              "file": "/tests/tests.js",
              "beforeHooks": [
                {
                  "title": "\"before each\" hook in \"Mutate Asset\"",
                  "fullTitle": "Assets Mutate Asset \"before each\" hook in \"Mutate Asset\"",
                  "timedOut": false,
                  "duration": 4002,
                  "state": null,
                  "speed": null,
                  "pass": false,
                  "fail": false,
                  "pending": false,
                  "context": null,
                  "code": "this.timeout(5000)\nsetTimeout(function () {\n    done()\n}, 4000)",
                  "err": {},
                  "uuid": "91318ce4-e942-4754-bd2c-ce62271b4250",
                  "parentUUID": "51d50446-85df-4a93-8005-8a3754df013d",
                  "isHook": true,
                  "skipped": false
                }
              ],
              "afterHooks": [],
              "tests": [
                {
                  "title": "Mutate Asset: ",
                  "fullTitle": "Assets Mutate Asset Mutate Asset: ",
                  "timedOut": true,
                  "duration": 10002,
                  "state": "failed",
                  "speed": null,
                  "pass": false,
                  "fail": true,
                  "pending": false,
                  "context": null,
                  "code": "let identityID = await identity.queryIdentity(\"immutableMetaTraits1\")\n            let assetID = await assets.queryAsset(\"ASSET4\")\n            let obj = {\n                \"type\": config.mutateAssetType,\n                \"value\": {\n                    \"baseReq\": {\n                        \"from\": config.testAccountAddress,\n                        \"chain_id\": config.chain_id\n                    },\n                    \"fromID\": identityID,\n                    \"assetID\": assetID,\n                    \"mutableProperties\": \"ASSET1:S|\",\n                    \"mutableMetaProperties\": \"ASSET3:S|num3\"\n                }\n            }\n            let err, res = await chai.request(server)\n                .post(config.mutateAssetPath)\n                .send(obj);\n            res.should.have.status(200);\n            res.body.should.be.a('object');\n            expect(res.body.txhash).to.not.equal(null)\n            expect(res.body.txhash).to.not.equal('')\n            expect(res.body.raw_log).to.not.contain('failed')\n            expect(res.body.raw_log).to.not.contain('error')",
                  "err": {
                    "message": "Error: Timeout of 10000ms exceeded. For async tests and hooks, ensure \"done()\" is called; if returning a Promise, ensure it resolves. (/Users/sarvagyasagar/Documents/Projects/node/.tests/mocha/tests/tests.js)",
                    "estack": "Error: Timeout of 10000ms exceeded. For async tests and hooks, ensure \"done()\" is called; if returning a Promise, ensure it resolves. (/Users/sarvagyasagar/Documents/Projects/node/.tests/mocha/tests/tests.js)\n    at listOnTimeout (node:internal/timers:564:17)\n    at process.processTimers (node:internal/timers:507:7)",
                    "diff": null
                  },
                  "uuid": "8014bf28-4ad1-4de7-9a78-8c49ec2d6962",
                  "parentUUID": "51d50446-85df-4a93-8005-8a3754df013d",
                  "isHook": false,
                  "skipped": false
                }
              ],
              "suites": [],
              "passes": [],
              "failures": [
                "8014bf28-4ad1-4de7-9a78-8c49ec2d6962"
              ],
              "pending": [],
              "skipped": [],
              "duration": 10002,
              "root": false,
              "rootEmpty": false,
              "_timeout": 10000
            },
            {
              "uuid": "cd0c913b-f3b0-483b-93bc-4ea385f1841c",
              "title": "Mint Asset with meta properties",
              "fullFile": "/Users/sarvagyasagar/Documents/Projects/node/.tests/mocha/tests/tests.js",
              "file": "/tests/tests.js",
              "beforeHooks": [
                {
                  "title": "\"before each\" hook in \"Mint Asset with meta properties\"",
                  "fullTitle": "Assets Mint Asset with meta properties \"before each\" hook in \"Mint Asset with meta properties\"",
                  "timedOut": false,
                  "duration": 4001,
                  "state": null,
                  "speed": null,
                  "pass": false,
                  "fail": false,
                  "pending": false,
                  "context": null,
                  "code": "this.timeout(5000)\nsetTimeout(function () {\n    done()\n}, 4000)",
                  "err": {},
                  "uuid": "25d00918-2226-4b98-a6c5-b8b548023085",
                  "parentUUID": "cd0c913b-f3b0-483b-93bc-4ea385f1841c",
                  "isHook": true,
                  "skipped": false
                }
              ],
              "afterHooks": [],
              "tests": [
                {
                  "title": "Mint Asset with meta properties: ",
                  "fullTitle": "Assets Mint Asset with meta properties Mint Asset with meta properties: ",
                  "timedOut": true,
                  "duration": 10002,
                  "state": "failed",
                  "speed": null,
                  "pass": false,
                  "fail": true,
                  "pending": false,
                  "context": null,
                  "code": "let identityID = await identity.queryIdentity(\"immutableMetaTraits1\")\n            let clsID = await cls.queryClassification(\"ASSET4\")\n            let obj = {\n                \"type\": config.mintAssetType,\n                \"value\": {\n                    \"baseReq\": {\n                        \"from\": config.testAccountAddress,\n                        \"chain_id\": config.chain_id\n                    },\n                    \"toID\": identityID,\n                    \"fromID\": identityID,\n                    \"classificationID\": clsID,\n                    \"mutableProperties\": \"ASSET1:S|num5\" + \",burn:H|1\",\n                    \"immutableProperties\": \"ASSET2:S|num6\",\n                    \"mutableMetaProperties\": \"ASSET3:S|num7\",\n                    \"immutableMetaProperties\": \"ASSET4:S|num8\"\n                }\n            }\n            let err, res = await chai.request(server)\n                .post(config.mintAssetPath)\n                .send(obj);\n            res.should.have.status(200);\n            res.body.should.be.a('object');\n            expect(res.body.txhash).to.not.equal(null)\n            expect(res.body.txhash).to.not.equal('')\n            expect(res.body.raw_log).to.not.contain('failed')\n            expect(res.body.raw_log).to.not.contain('error')",
                  "err": {
                    "message": "Error: Timeout of 10000ms exceeded. For async tests and hooks, ensure \"done()\" is called; if returning a Promise, ensure it resolves. (/Users/sarvagyasagar/Documents/Projects/node/.tests/mocha/tests/tests.js)",
                    "estack": "Error: Timeout of 10000ms exceeded. For async tests and hooks, ensure \"done()\" is called; if returning a Promise, ensure it resolves. (/Users/sarvagyasagar/Documents/Projects/node/.tests/mocha/tests/tests.js)\n    at listOnTimeout (node:internal/timers:564:17)\n    at process.processTimers (node:internal/timers:507:7)",
                    "diff": null
                  },
                  "uuid": "ada86efc-29b2-4e73-9f07-f1947eab0015",
                  "parentUUID": "cd0c913b-f3b0-483b-93bc-4ea385f1841c",
                  "isHook": false,
                  "skipped": false
                }
              ],
              "suites": [],
              "passes": [],
              "failures": [
                "ada86efc-29b2-4e73-9f07-f1947eab0015"
              ],
              "pending": [],
              "skipped": [],
              "duration": 10002,
              "root": false,
              "rootEmpty": false,
              "_timeout": 10000
            },
            {
              "uuid": "5122d068-8de2-4542-b0f5-6b276846899e",
              "title": "Mutate asset non meta properties to meta properties",
              "fullFile": "/Users/sarvagyasagar/Documents/Projects/node/.tests/mocha/tests/tests.js",
              "file": "/tests/tests.js",
              "beforeHooks": [
                {
                  "title": "\"before each\" hook in \"Mutate asset non meta properties to meta properties\"",
                  "fullTitle": "Assets Mutate asset non meta properties to meta properties \"before each\" hook in \"Mutate asset non meta properties to meta properties\"",
                  "timedOut": false,
                  "duration": 4002,
                  "state": null,
                  "speed": null,
                  "pass": false,
                  "fail": false,
                  "pending": false,
                  "context": null,
                  "code": "this.timeout(5000)\nsetTimeout(function () {\n    done()\n}, 4000)",
                  "err": {},
                  "uuid": "9215b271-417a-4864-b812-3d5affccd7ce",
                  "parentUUID": "5122d068-8de2-4542-b0f5-6b276846899e",
                  "isHook": true,
                  "skipped": false
                }
              ],
              "afterHooks": [],
              "tests": [
                {
                  "title": "Define Asset: ",
                  "fullTitle": "Assets Mutate asset non meta properties to meta properties Define Asset: ",
                  "timedOut": true,
                  "duration": 10003,
                  "state": "failed",
                  "speed": null,
                  "pass": false,
                  "fail": true,
                  "pending": false,
                  "context": null,
                  "code": "let identityID = await identity.queryIdentity(\"immutableMetaTraits1\")\n            let obj = {\n                \"type\": config.defineAssetType,\n                \"value\": {\n                    \"baseReq\": {\n                        \"from\": config.testAccountAddress,\n                        \"chain_id\": config.chain_id\n                    },\n                    \"fromID\": identityID,\n                    \"mutableTraits\": \"ASSETS1:S|\" + \",burn:H|1\",\n                    \"immutableTraits\": \"ASSETS2:S|\",\n                    \"mutableMetaTraits\": \"ASSETS3:S|\",\n                    \"immutableMetaTraits\": \"ASSETS4:S|\"\n                }\n            }\n            let err, res = await chai.request(server)\n                .post(config.defineAssetPath)\n                .send(obj);\n            res.should.have.status(200);\n            res.body.should.be.a('object');\n            expect(res.body.txhash).to.not.equal(null)\n            expect(res.body.txhash).to.not.equal('')\n            expect(res.body.raw_log).to.not.contain('failed')\n            expect(res.body.raw_log).to.not.contain('error')",
                  "err": {
                    "message": "Error: Timeout of 10000ms exceeded. For async tests and hooks, ensure \"done()\" is called; if returning a Promise, ensure it resolves. (/Users/sarvagyasagar/Documents/Projects/node/.tests/mocha/tests/tests.js)",
                    "estack": "Error: Timeout of 10000ms exceeded. For async tests and hooks, ensure \"done()\" is called; if returning a Promise, ensure it resolves. (/Users/sarvagyasagar/Documents/Projects/node/.tests/mocha/tests/tests.js)\n    at listOnTimeout (node:internal/timers:564:17)\n    at process.processTimers (node:internal/timers:507:7)",
                    "diff": null
                  },
                  "uuid": "601bbac2-8441-454d-a56d-b37346e1df14",
                  "parentUUID": "5122d068-8de2-4542-b0f5-6b276846899e",
                  "isHook": false,
                  "skipped": false
                },
                {
                  "title": "Mint Asset: ",
                  "fullTitle": "Assets Mutate asset non meta properties to meta properties Mint Asset: ",
                  "timedOut": true,
                  "duration": 10002,
                  "state": "failed",
                  "speed": null,
                  "pass": false,
                  "fail": true,
                  "pending": false,
                  "context": null,
                  "code": "let identityID = await identity.queryIdentity(\"immutableMetaTraits1\")\n            let clsID = await cls.queryClassification(\"ASSETS4\")\n            let obj = {\n                \"type\": config.mintAssetType,\n                \"value\": {\n                    \"baseReq\": {\n                        \"from\": config.testAccountAddress,\n                        \"chain_id\": config.chain_id\n                    },\n                    \"toID\": identityID,\n                    \"fromID\": identityID,\n                    \"classificationID\": clsID,\n                    \"mutableProperties\": \"ASSETS1:S|num5\" + \",burn:H|1\",\n                    \"immutableProperties\": \"ASSETS2:S|num6\",\n                    \"mutableMetaProperties\": \"ASSETS3:S|num7\",\n                    \"immutableMetaProperties\": \"ASSETS4:S|num8\"\n                }\n            }\n            let err, res = await chai.request(server)\n                .post(config.mintAssetPath)\n                .send(obj);\n            res.should.have.status(200);\n            res.body.should.be.a('object');\n            expect(res.body.txhash).to.not.equal(null)\n            expect(res.body.txhash).to.not.equal('')\n            expect(res.body.raw_log).to.not.contain('failed')\n            expect(res.body.raw_log).to.not.contain('error')",
                  "err": {
                    "message": "Error: Timeout of 10000ms exceeded. For async tests and hooks, ensure \"done()\" is called; if returning a Promise, ensure it resolves. (/Users/sarvagyasagar/Documents/Projects/node/.tests/mocha/tests/tests.js)",
                    "estack": "Error: Timeout of 10000ms exceeded. For async tests and hooks, ensure \"done()\" is called; if returning a Promise, ensure it resolves. (/Users/sarvagyasagar/Documents/Projects/node/.tests/mocha/tests/tests.js)\n    at listOnTimeout (node:internal/timers:564:17)\n    at process.processTimers (node:internal/timers:507:7)",
                    "diff": null
                  },
                  "uuid": "c0866de6-6530-4078-96e8-c0e65d511f37",
                  "parentUUID": "5122d068-8de2-4542-b0f5-6b276846899e",
                  "isHook": false,
                  "skipped": false
                },
                {
                  "title": "Meta Reveal: ",
                  "fullTitle": "Assets Mutate asset non meta properties to meta properties Meta Reveal: ",
                  "timedOut": false,
                  "duration": 324,
                  "state": "failed",
                  "speed": null,
                  "pass": false,
                  "fail": true,
                  "pending": false,
                  "context": null,
                  "code": "let obj = {\n                \"type\": config.metaRevealType,\n                \"value\": {\n                    \"baseReq\": {\n                        \"from\": config.testAccountAddress,\n                        \"chain_id\": config.chain_id\n                    },\n                    \"metaFact\": \"S|num5\"\n                }\n            }\n            let err, res = await chai.request(server)\n                .post(config.metaRevealPath)\n                .send(obj);\n            expect(res.body.txhash).to.not.equal(null)\n            expect(res.body.txhash).to.not.equal('')\n            expect(res.body.raw_log).to.not.contain('failed')\n            expect(res.body.raw_log).to.not.contain('error')",
                  "err": {
                    "message": "AssertionError: the given combination of arguments (undefined and string) is invalid for this assertion. You can use an array, a map, an object, a set, a string, or a weakset instead of a string",
                    "estack": "AssertionError: the given combination of arguments (undefined and string) is invalid for this assertion. You can use an array, a map, an object, a set, a string, or a weakset instead of a string\n    at Context.<anonymous> (tests/transactions/assets.js:279:45)\n    at process.processTicksAndRejections (node:internal/process/task_queues:95:5)",
                    "diff": null
                  },
                  "uuid": "1e51d425-0d9e-43a7-8203-97318c771a3c",
                  "parentUUID": "5122d068-8de2-4542-b0f5-6b276846899e",
                  "isHook": false,
                  "skipped": false
                },
                {
                  "title": "Mutate Asset non meta properties to meta properties: ",
                  "fullTitle": "Assets Mutate asset non meta properties to meta properties Mutate Asset non meta properties to meta properties: ",
                  "timedOut": true,
                  "duration": 10002,
                  "state": "failed",
                  "speed": null,
                  "pass": false,
                  "fail": true,
                  "pending": false,
                  "context": null,
                  "code": "let identityID = await identity.queryIdentity(\"immutableMetaTraits1\")\n            let assetID = await assets.queryAsset(\"ASSETS4\")\n            let obj = {\n                \"type\": config.mutateAssetType,\n                \"value\": {\n                    \"baseReq\": {\n                        \"from\": config.testAccountAddress,\n                        \"chain_id\": config.chain_id\n                    },\n                    \"fromID\": identityID,\n                    \"assetID\": assetID,\n                    \"mutableProperties\": \"ASSETS1:S|\",\n                    \"mutableMetaProperties\": \"ASSETS3:S|num5\"\n                }\n            }\n            let err, res = await chai.request(server)\n                .post(config.mutateAssetPath)\n                .send(obj);\n            res.should.have.status(200);\n            res.body.should.be.a('object');\n            expect(res.body.txhash).to.not.equal(null)\n            expect(res.body.txhash).to.not.equal('')\n            expect(res.body.raw_log).to.not.contain('failed')\n            expect(res.body.raw_log).to.not.contain('error')",
                  "err": {
                    "message": "Error: Timeout of 10000ms exceeded. For async tests and hooks, ensure \"done()\" is called; if returning a Promise, ensure it resolves. (/Users/sarvagyasagar/Documents/Projects/node/.tests/mocha/tests/tests.js)",
                    "estack": "Error: Timeout of 10000ms exceeded. For async tests and hooks, ensure \"done()\" is called; if returning a Promise, ensure it resolves. (/Users/sarvagyasagar/Documents/Projects/node/.tests/mocha/tests/tests.js)\n    at listOnTimeout (node:internal/timers:564:17)\n    at process.processTimers (node:internal/timers:507:7)",
                    "diff": null
                  },
                  "uuid": "25f1a054-c58e-4a1e-bf10-9d88b17e4fc4",
                  "parentUUID": "5122d068-8de2-4542-b0f5-6b276846899e",
                  "isHook": false,
                  "skipped": false
                }
              ],
              "suites": [],
              "passes": [],
              "failures": [
[...]
                    "diff": null
                  },
                  "uuid": "0b78e597-d261-45f8-b2bc-b2cf97a1e37e",
                  "parentUUID": "1c7cc7f3-9fce-4e01-833a-049814134a6e",
                  "isHook": false,
                  "skipped": false
                },
                {
                  "title": "Take Order with correct ID: ",
                  "fullTitle": "Orders Create an order with correct takerID Take Order with correct ID: ",
                  "timedOut": true,
                  "duration": 10002,
                  "state": "failed",
                  "speed": null,
                  "pass": false,
                  "fail": true,
                  "pending": false,
                  "context": null,
                  "code": "let identityID1 = await identity.queryIdentity(\"immutableMetaTraits2\")\n            let orderID = await orders.queryOrder(\"Name2\")\n            let obj = {\n                \"type\": config.takeOrderType,\n                \"value\": {\n                    \"baseReq\": {\n                        \"from\": config.testAccountAddress,\n                        \"chain_id\": config.chain_id\n                    },\n                    \"fromID\": identityID1,\n                    \"takerOwnableSplit\": config.makerOwnableSplit,\n                    \"orderID\": orderID\n                }\n            }\n            let err, res = await chai.request(server)\n                .post(config.takeOrderPath)\n                .send(obj)\n            res.should.have.status(200);\n            res.body.should.be.a('object');\n            expect(res.body.txhash).to.not.equal(null)\n            expect(res.body.txhash).to.not.equal('')\n            expect(res.body.raw_log).to.contain('failed')",
                  "err": {
                    "message": "Error: Timeout of 10000ms exceeded. For async tests and hooks, ensure \"done()\" is called; if returning a Promise, ensure it resolves. (/Users/sarvagyasagar/Documents/Projects/node/.tests/mocha/tests/tests.js)",
                    "estack": "Error: Timeout of 10000ms exceeded. For async tests and hooks, ensure \"done()\" is called; if returning a Promise, ensure it resolves. (/Users/sarvagyasagar/Documents/Projects/node/.tests/mocha/tests/tests.js)\n    at listOnTimeout (node:internal/timers:564:17)\n    at process.processTimers (node:internal/timers:507:7)",
                    "diff": null
                  },
                  "uuid": "8536ec1b-4b76-440a-ae41-44e159d5255e",
                  "parentUUID": "1c7cc7f3-9fce-4e01-833a-049814134a6e",
                  "isHook": false,
                  "skipped": false
                }
              ],
              "suites": [],
              "passes": [],
              "failures": [
                "a87de457-43ba-4b88-9a8e-297976a70f4e",
                "3fdcc794-5729-4e0a-9f61-33aa6ece4279",
                "9d4b7a97-1d52-4a99-b37d-a38072b96315",
                "c4b36883-a52c-4c2a-9dc5-0ab4e7866e4d",
                "0b78e597-d261-45f8-b2bc-b2cf97a1e37e",
                "8536ec1b-4b76-440a-ae41-44e159d5255e"
              ],
              "pending": [],
              "skipped": [],
              "duration": 60010,
              "root": false,
              "rootEmpty": false,
              "_timeout": 10000
            },
            {
              "uuid": "170e7be3-e39e-4a8e-b748-7e856dea7eea",
              "title": "Sell assets with splits, where taker gives more splits than he is supposed to",
              "fullFile": "/Users/sarvagyasagar/Documents/Projects/node/.tests/mocha/tests/tests.js",
              "file": "/tests/tests.js",
              "beforeHooks": [
                {
                  "title": "\"before each\" hook in \"Sell assets with splits, where taker gives more splits than he is supposed to\"",
                  "fullTitle": "Orders Sell assets with splits, where taker gives more splits than he is supposed to \"before each\" hook in \"Sell assets with splits, where taker gives more splits than he is supposed to\"",
                  "timedOut": false,
                  "duration": 4001,
                  "state": null,
                  "speed": null,
                  "pass": false,
                  "fail": false,
                  "pending": false,
                  "context": null,
                  "code": "this.timeout(5000)\nsetTimeout(function () {\n    done()\n}, 4000)",
                  "err": {},
                  "uuid": "cdbb9149-4c6c-4e2a-b2f1-c0cf2c575a72",
                  "parentUUID": "170e7be3-e39e-4a8e-b748-7e856dea7eea",
                  "isHook": true,
                  "skipped": false
                }
              ],
              "afterHooks": [],
              "tests": [
                {
                  "title": "Define Asset: ",
                  "fullTitle": "Orders Sell assets with splits, where taker gives more splits than he is supposed to Define Asset: ",
                  "timedOut": true,
                  "duration": 10002,
                  "state": "failed",
                  "speed": null,
                  "pass": false,
                  "fail": true,
                  "pending": false,
                  "context": null,
                  "code": "let identityID = await identity.queryIdentity(\"immutableMetaTraits1\")\n            let obj = {\n                \"type\": config.defineAssetType,\n                \"value\": {\n                    \"baseReq\": {\n                        \"from\": config.testAccountAddress,\n                        \"chain_id\": config.chain_id\n                    },\n                    \"fromID\": identityID,\n                    \"mutableTraits\": \"ASSETS10:S|num1\" + \",burn:H|1\",\n                    \"immutableTraits\": \"ASSETS11:S|\",\n                    \"mutableMetaTraits\": \"ASSETS12:S|num3\",\n                    \"immutableMetaTraits\": \"ASSETS13:S|num4\"\n                }\n            }\n            let err, res = await chai.request(server)\n                .post(config.defineAssetPath)\n                .send(obj)\n            res.should.have.status(200);\n            res.body.should.be.a('object');\n            expect(res.body.txhash).to.not.equal(null)\n            expect(res.body.txhash).to.not.equal('')\n            expect(res.body.txhash).to.not.equal('')\n            expect(res.body.raw_log).to.not.contain('failed')\n            expect(res.body.raw_log).to.not.contain('error')",
                  "err": {
                    "message": "Error: Timeout of 10000ms exceeded. For async tests and hooks, ensure \"done()\" is called; if returning a Promise, ensure it resolves. (/Users/sarvagyasagar/Documents/Projects/node/.tests/mocha/tests/tests.js)",
                    "estack": "Error: Timeout of 10000ms exceeded. For async tests and hooks, ensure \"done()\" is called; if returning a Promise, ensure it resolves. (/Users/sarvagyasagar/Documents/Projects/node/.tests/mocha/tests/tests.js)\n    at listOnTimeout (node:internal/timers:564:17)\n    at process.processTimers (node:internal/timers:507:7)",
                    "diff": null
                  },
                  "uuid": "8ecdc380-5e5a-4c15-951c-86df3a9c0082",
                  "parentUUID": "170e7be3-e39e-4a8e-b748-7e856dea7eea",
                  "isHook": false,
                  "skipped": false
                },
                {
                  "title": "Mint Asset: ",
                  "fullTitle": "Orders Sell assets with splits, where taker gives more splits than he is supposed to Mint Asset: ",
                  "timedOut": true,
                  "duration": 10001,
                  "state": "failed",
                  "speed": null,
                  "pass": false,
                  "fail": true,
                  "pending": false,
                  "context": null,
                  "code": "let identityID = await identity.queryIdentity(\"immutableMetaTraits1\")\n            let clsID = await cls.queryClassification(\"ASSETS13\")\n            let obj = {\n                \"type\": config.mintAssetType,\n                \"value\": {\n                    \"baseReq\": {\n                        \"from\": config.testAccountAddress,\n                        \"chain_id\": config.chain_id\n                    },\n                    \"toID\": identityID,\n                    \"fromID\": identityID,\n                    \"classificationID\": clsID,\n                    \"mutableProperties\": \"ASSETS10:S|num1\" + \",burn:H|1\",\n                    \"immutableProperties\": \"ASSETS11:S|abc\",\n                    \"mutableMetaProperties\": \"ASSETS12:S|num3\",\n                    \"immutableMetaProperties\": \"ASSETS13:S|num4\"\n                }\n            }\n            let err, res = await chai.request(server)\n                .post(config.mintAssetPath)\n                .send(obj)\n            res.should.have.status(200);\n            res.body.should.be.a('object');\n            expect(res.body.txhash).to.not.equal(null)\n            expect(res.body.txhash).to.not.equal('')\n            expect(res.body.txhash).to.not.equal('')\n            expect(res.body.raw_log).to.not.contain('failed')\n            expect(res.body.raw_log).to.not.contain('error')",
                  "err": {
                    "message": "Error: Timeout of 10000ms exceeded. For async tests and hooks, ensure \"done()\" is called; if returning a Promise, ensure it resolves. (/Users/sarvagyasagar/Documents/Projects/node/.tests/mocha/tests/tests.js)",
                    "estack": "Error: Timeout of 10000ms exceeded. For async tests and hooks, ensure \"done()\" is called; if returning a Promise, ensure it resolves. (/Users/sarvagyasagar/Documents/Projects/node/.tests/mocha/tests/tests.js)\n    at listOnTimeout (node:internal/timers:564:17)\n    at process.processTimers (node:internal/timers:507:7)",
                    "diff": null
                  },
                  "uuid": "336f7457-7db2-4ab8-9283-038bf7a68818",
                  "parentUUID": "170e7be3-e39e-4a8e-b748-7e856dea7eea",
                  "isHook": false,
                  "skipped": false
                },
                {
                  "title": "Define Order: ",
                  "fullTitle": "Orders Sell assets with splits, where taker gives more splits than he is supposed to Define Order: ",
                  "timedOut": true,
                  "duration": 10002,
                  "state": "failed",
                  "speed": null,
                  "pass": false,
                  "fail": true,
                  "pending": false,
                  "context": null,
                  "code": "let identityID = await identity.queryIdentity(\"immutableMetaTraits1\")\n            let obj = {\n                \"type\": config.defineOrderType,\n                \"value\": {\n                    \"baseReq\": {\n                        \"from\": config.testAccountAddress,\n                        \"chain_id\": config.chain_id\n                    },\n                    \"fromID\": identityID,\n                    \"immutableMetaTraits\": \"Name3:S|,Gifts3:S|Exchange,OrderID3:S|\",\n                    \"immutableTraits\": \"Which Gifts3:S|,What Gifts3:S|\",\n                    \"mutableMetaTraits\": \"exchangeRate:D|1,makerOwnableSplit:D|0.000000000000000001,expiry:H|1000000,takerID:I|ID,makerSplit:D|0.000000000000000001\",\n                    \"mutableTraits\": \"descriptions3:S|\"\n                }\n            }\n            let err, res = await chai.request(server)\n                .post(config.defineOrderPath)\n                .send(obj)\n            res.should.have.status(200);\n            res.body.should.be.a('object');\n            expect(res.body.txhash).to.not.equal(null)\n            expect(res.body.txhash).to.not.equal('')\n            expect(res.body.raw_log).to.not.contain('failed')\n            expect(res.body.raw_log).to.not.contain('error')",
                  "err": {
                    "message": "Error: Timeout of 10000ms exceeded. For async tests and hooks, ensure \"done()\" is called; if returning a Promise, ensure it resolves. (/Users/sarvagyasagar/Documents/Projects/node/.tests/mocha/tests/tests.js)",
                    "estack": "Error: Timeout of 10000ms exceeded. For async tests and hooks, ensure \"done()\" is called; if returning a Promise, ensure it resolves. (/Users/sarvagyasagar/Documents/Projects/node/.tests/mocha/tests/tests.js)\n    at listOnTimeout (node:internal/timers:564:17)\n    at process.processTimers (node:internal/timers:507:7)",
                    "diff": null
                  },
                  "uuid": "dc7e5dc9-acf6-4581-99a0-db07f8f5999b",
                  "parentUUID": "170e7be3-e39e-4a8e-b748-7e856dea7eea",
                  "isHook": false,
                  "skipped": false
                },
                {
                  "title": "Make Order: ",
                  "fullTitle": "Orders Sell assets with splits, where taker gives more splits than he is supposed to Make Order: ",
                  "timedOut": true,
                  "duration": 10001,
                  "state": "failed",
                  "speed": null,
                  "pass": false,
                  "fail": true,
                  "pending": false,
                  "context": null,
                  "code": "let identityID = await identity.queryIdentity(\"immutableMetaTraits1\")\n            let clsID = await cls.queryClassification(\"Name3\")\n            let obj = {\n                \"type\": config.makeOrderType,\n                \"value\": {\n                    \"baseReq\": {\n                        \"from\": config.testAccountAddress,\n                        \"chain_id\": config.chain_id\n                    },\n                    \"fromID\": identityID,\n                    \"classificationID\": clsID,\n                    \"makerOwnableID\": \"stake\",\n                    \"takerOwnableID\": \"stake\",\n                    \"expiresIn\": \"100000\",\n                    \"makerOwnableSplit\": \"100\",\n                    \"immutableMetaProperties\": \"Name3:S|Board,Gifts3:S|Exchange,OrderID3:S|12345\",\n                    \"immutableProperties\": \"Which Gifts3:S|Christmas Gift,What Gifts3:S|kitty\",\n                    \"mutableMetaProperties\": \"exchangeRate:D|1,makerSplit:D|0.000000000000000001\",\n                    \"mutableProperties\": \"descriptions3:S|awesomekitty\"\n                }\n            }\n            let err, res = await chai.request(server)\n                .post(config.makeOrderPath)\n                .send(obj)\n            res.should.have.status(200);\n            res.body.should.be.a('object');\n            expect(res.body.txhash).to.not.equal(null)\n            expect(res.body.txhash).to.not.equal('')\n            expect(res.body.raw_log).to.not.contain('failed')\n            expect(res.body.raw_log).to.not.contain('error')",
                  "err": {
                    "message": "Error: Timeout of 10000ms exceeded. For async tests and hooks, ensure \"done()\" is called; if returning a Promise, ensure it resolves. (/Users/sarvagyasagar/Documents/Projects/node/.tests/mocha/tests/tests.js)",
                    "estack": "Error: Timeout of 10000ms exceeded. For async tests and hooks, ensure \"done()\" is called; if returning a Promise, ensure it resolves. (/Users/sarvagyasagar/Documents/Projects/node/.tests/mocha/tests/tests.js)\n    at listOnTimeout (node:internal/timers:564:17)\n    at process.processTimers (node:internal/timers:507:7)",
                    "diff": null
                  },
                  "uuid": "2779bf7a-b087-4c5b-8a44-bdec530af584",
                  "parentUUID": "170e7be3-e39e-4a8e-b748-7e856dea7eea",
                  "isHook": false,
                  "skipped": false
                },
                {
                  "title": "Take Order: ",
                  "fullTitle": "Orders Sell assets with splits, where taker gives more splits than he is supposed to Take Order: ",
                  "timedOut": true,
                  "duration": 10002,
                  "state": "failed",
                  "speed": null,
                  "pass": false,
                  "fail": true,
                  "pending": false,
                  "context": null,
                  "code": "let identityID = await identity.queryIdentity(\"immutableMetaTraits1\")\n            let orderID = await orders.queryOrder(\"Name3\")\n            let obj = {\n                \"type\": config.takeOrderType,\n                \"value\": {\n                    \"baseReq\": {\n                        \"from\": config.testAccountAddress,\n                        \"chain_id\": config.chain_id\n                    },\n                    \"fromID\": identityID,\n                    \"takerOwnableSplit\": \"200\",\n                    \"orderID\": orderID\n                }\n            }\n            let err, res = await chai.request(server)\n                .post(config.takeOrderPath)\n                .send(obj)\n            res.should.have.status(200);\n            res.body.should.be.a('object');\n            expect(res.body.txhash).to.not.equal(null)\n            expect(res.body.txhash).to.not.equal('')\n            expect(res.body.raw_log).to.not.contain('failed')\n            expect(res.body.raw_log).to.not.contain('error')",
                  "err": {
                    "message": "Error: Timeout of 10000ms exceeded. For async tests and hooks, ensure \"done()\" is called; if returning a Promise, ensure it resolves. (/Users/sarvagyasagar/Documents/Projects/node/.tests/mocha/tests/tests.js)",
                    "estack": "Error: Timeout of 10000ms exceeded. For async tests and hooks, ensure \"done()\" is called; if returning a Promise, ensure it resolves. (/Users/sarvagyasagar/Documents/Projects/node/.tests/mocha/tests/tests.js)\n    at listOnTimeout (node:internal/timers:564:17)\n    at process.processTimers (node:internal/timers:507:7)",
                    "diff": null
                  },
                  "uuid": "99d7b626-16d7-40e4-8bc5-7a8d71d1f756",
                  "parentUUID": "170e7be3-e39e-4a8e-b748-7e856dea7eea",
                  "isHook": false,
                  "skipped": false
                }
              ],
              "suites": [],
              "passes": [],
              "failures": [
                "8ecdc380-5e5a-4c15-951c-86df3a9c0082",
                "336f7457-7db2-4ab8-9283-038bf7a68818",
                "dc7e5dc9-acf6-4581-99a0-db07f8f5999b",
                "2779bf7a-b087-4c5b-8a44-bdec530af584",
                "99d7b626-16d7-40e4-8bc5-7a8d71d1f756"
              ],
              "pending": [],
              "skipped": [],
              "duration": 50008,
              "root": false,
              "rootEmpty": false,
              "_timeout": 10000
            }
          ],
          "passes": [],
          "failures": [],
          "pending": [],
          "skipped": [],
          "duration": 0,
          "root": false,
          "rootEmpty": false,
          "_timeout": 10000
        }
      ],
      "passes": [],
      "failures": [],
      "pending": [],
      "skipped": [],
      "duration": 0,
      "root": true,
      "rootEmpty": true,
      "_timeout": 10000
    }
  ],
  "meta": {
    "mocha": {
      "version": "10.0.0"
    },
    "mochawesome": {
      "options": {
        "quiet": false,
        "reportFilename": "mochawesome",
        "saveHtml": true,
        "saveJson": true,
        "consoleReporter": "spec",
        "useInlineDiffs": false,
        "code": true
      },
      "version": "7.1.3"
    },
    "marge": {
      "options": null,
      "version": "6.2.0"
    }
  }
}